<?xml version="1.0" encoding="UTF-8"?>
<!-- Generated by org.testng.reporters.JUnitXMLReporter -->
<testsuite ignored="0" hostname="IBM-392NSV3" failures="0" tests="2" name="Error Validation Test" time="18.699" errors="0" timestamp="2025-05-22T15:22:18 IST">
  <testcase classname="winnerXD.Tests.ErrorValidation" name="LoginErrorValidation" time="0.561"/>
  <testcase classname="winnerXD.Tests.ErrorValidation" name="productErrorValidation" time="12.677"/>
</testsuite> <!-- Error Validation Test -->
