<?xml version="1.0" encoding="UTF-8"?>
<!-- Generated by org.testng.reporters.JUnitXMLReporter -->
<testsuite ignored="0" hostname="IBM-392NSV3" failures="0" tests="4" name="Submit Order Test" time="39.596" errors="0" timestamp="2025-05-22T15:22:39 IST">
  <testcase classname="winnerXD.Tests.SubmitOrderTest" name="SubmitOrder" time="10.653"/>
  <testcase classname="winnerXD.Tests.SubmitOrderTest" name="SubmitOrder" time="16.217"/>
  <testcase classname="winnerXD.Tests.SubmitOrderTest" name="OrderHistoryTest" time="0.676"/>
  <testcase classname="winnerXD.Tests.SubmitOrderTest" name="OrderHistoryTest" time="0.558"/>
</testsuite> <!-- Submit Order Test -->
