<?xml version="1.0" encoding="UTF-8"?>
<testsuite xmlns:xsi="http://www.w3.org/2001/XMLSchema-instance" xsi:noNamespaceSchemaLocation="https://maven.apache.org/surefire/maven-surefire-plugin/xsd/surefire-test-report.xsd" version="3.0.2" name="TestSuite" time="40.147" tests="6" errors="0" skipped="0" failures="0">
  <properties>
[...]
</properties>
  <testcase name="LoginErrorValidation" classname="winnerXD.Tests.ErrorValidation" time="0.56">
    <system-err><![CDATA[SLF4J(W): No SLF4J providers were found.
SLF4J(W): Defaulting to no-operation (NOP) logger implementation
SLF4J(W): See https://www.slf4j.org/codes.html#noProviders for further details.
May 22, 2025 3:22:01 PM org.openqa.selenium.devtools.CdpVersionFinder findNearestMatch
WARNING: Unable to find an exact match for CDP version 136, returning the closest version; found: 135; Please update to a Selenium version that supports CDP version 136
May 22, 2025 3:22:01 PM org.openqa.selenium.devtools.CdpVersionFinder findNearestMatch
WARNING: Unable to find an exact match for CDP version 136, returning the closest version; found: 135; Please update to a Selenium version that supports CDP version 136
]]></system-err>
  </testcase>
  <testcase name="productErrorValidation" classname="winnerXD.Tests.ErrorValidation" time="0.933">
    <system-err><![CDATA[May 22, 2025 3:22:14 PM org.openqa.selenium.devtools.CdpVersionFinder findNearestMatch
WARNING: Unable to find an exact match for CDP version 136, returning the closest version; found: 135; Please update to a Selenium version that supports CDP version 136
]]></system-err>
  </testcase>
  <testcase name="SubmitOrder[{password=I?*Password@123, product=ZARA COAT 3, email=shuvambasak0@gmail.com}](1)" classname="winnerXD.Tests.SubmitOrderTest" time="7.638">
    <system-err><![CDATA[May 22, 2025 3:22:04 PM org.openqa.selenium.devtools.CdpVersionFinder findNearestMatch
WARNING: Unable to find an exact match for CDP version 136, returning the closest version; found: 135; Please update to a Selenium version that supports CDP version 136
]]></system-err>
  </testcase>
  <testcase name="SubmitOrder[{password=Henry@2001, product=IPHONE 13 PRO, email=henryd110@gmail.com}](2)" classname="winnerXD.Tests.SubmitOrderTest" time="16.216"/>
  <testcase name="OrderHistoryTest[{password=I?*Password@123, product=ZARA COAT 3, email=shuvambasak0@gmail.com}](1)" classname="winnerXD.Tests.SubmitOrderTest" time="0.675">
    <system-err><![CDATA[May 22, 2025 3:22:34 PM org.openqa.selenium.devtools.CdpVersionFinder findNearestMatch
WARNING: Unable to find an exact match for CDP version 136, returning the closest version; found: 135; Please update to a Selenium version that supports CDP version 136
]]></system-err>
  </testcase>
  <testcase name="OrderHistoryTest[{password=Henry@2001, product=IPHONE 13 PRO, email=henryd110@gmail.com}](2)" classname="winnerXD.Tests.SubmitOrderTest" time="0.558">
    <system-err><![CDATA[May 22, 2025 3:22:37 PM org.openqa.selenium.devtools.CdpVersionFinder findNearestMatch
WARNING: Unable to find an exact match for CDP version 136, returning the closest version; found: 135; Please update to a Selenium version that supports CDP version 136
]]></system-err>
  </testcase>
</testsuite>