<?xml version="1.0" encoding="UTF-8"?>
<testng-results ignored="0" total="6" passed="6" failed="0" skipped="0">
  <reporter-output>
  </reporter-output>
  <suite started-at="2025-05-22T15:21:59 IST" name="Suite" finished-at="2025-05-22T15:22:39 IST" duration-ms="39596">
    <groups>
      <group name="ErrorHandling">
        <method signature="ErrorValidation.LoginErrorValidation()[pri:0, instance:winnerXD.Tests.ErrorValidation@565f390]" name="LoginErrorValidation" class="winnerXD.Tests.ErrorValidation"/>
      </group> <!-- ErrorHandling -->
      <group name="Purchase">
        <method signature="SubmitOrderTest.SubmitOrder(java.util.HashMap)[pri:0, instance:winnerXD.Tests.SubmitOrderTest@2a8448fa]" name="SubmitOrder" class="winnerXD.Tests.SubmitOrderTest"/>
      </group> <!-- Purchase -->
    </groups>
    <test started-at="2025-05-22T15:21:59 IST" name="Error Validation Test" finished-at="2025-05-22T15:22:18 IST" duration-ms="18699">
      <class name="winnerXD.Tests.ErrorValidation">
        <test-method is-config="true" signature="launchApplication()[pri:0, instance:winnerXD.Tests.ErrorValidation@565f390]" started-at="2025-05-22T15:21:59 IST" name="launchApplication" finished-at="2025-05-22T15:22:02 IST" duration-ms="2738" status="PASS">
          <reporter-output>
          </reporter-output>
        </test-method> <!-- launchApplication -->
        <test-method signature="LoginErrorValidation()[pri:0, instance:winnerXD.Tests.ErrorValidation@565f390]" started-at="2025-05-22T15:22:02 IST" name="LoginErrorValidation" finished-at="2025-05-22T15:22:03 IST" duration-ms="561" status="PASS">
          <reporter-output>
          </reporter-output>
        </test-method> <!-- LoginErrorValidation -->
        <test-method is-config="true" signature="tearDown()[pri:0, instance:winnerXD.Tests.ErrorValidation@565f390]" started-at="2025-05-22T15:22:03 IST" name="tearDown" finished-at="2025-05-22T15:22:03 IST" duration-ms="184" status="PASS">
          <reporter-output>
          </reporter-output>
        </test-method> <!-- tearDown -->
        <test-method is-config="true" signature="launchApplication()[pri:0, instance:winnerXD.Tests.ErrorValidation@565f390]" started-at="2025-05-22T15:22:03 IST" name="launchApplication" finished-at="2025-05-22T15:22:05 IST" duration-ms="2268" status="PASS">
          <reporter-output>
          </reporter-output>
        </test-method> <!-- launchApplication -->
        <test-method signature="productErrorValidation()[pri:0, instance:winnerXD.Tests.ErrorValidation@565f390]" started-at="2025-05-22T15:22:05 IST" name="productErrorValidation" finished-at="2025-05-22T15:22:18 IST" duration-ms="12677" status="PASS">
          <reporter-output>
          </reporter-output>
        </test-method> <!-- productErrorValidation -->
        <test-method is-config="true" signature="tearDown()[pri:0, instance:winnerXD.Tests.ErrorValidation@565f390]" started-at="2025-05-22T15:22:18 IST" name="tearDown" finished-at="2025-05-22T15:22:18 IST" duration-ms="234" status="PASS">
          <reporter-output>
          </reporter-output>
        </test-method> <!-- tearDown -->
      </class> <!-- winnerXD.Tests.ErrorValidation -->
    </test> <!-- Error Validation Test -->
    <test started-at="2025-05-22T15:21:59 IST" name="Submit Order Test" finished-at="2025-05-22T15:22:39 IST" duration-ms="39596">
      <class name="winnerXD.Tests.SubmitOrderTest">
        <test-method is-config="true" signature="launchApplication()[pri:0, instance:winnerXD.Tests.SubmitOrderTest@2a8448fa]" started-at="2025-05-22T15:22:00 IST" name="launchApplication" finished-at="2025-05-22T15:22:02 IST" duration-ms="2597" status="PASS">
          <reporter-output>
          </reporter-output>
        </test-method> <!-- launchApplication -->
        <test-method signature="SubmitOrder(java.util.HashMap)[pri:0, instance:winnerXD.Tests.SubmitOrderTest@2a8448fa]" started-at="2025-05-22T15:22:02 IST" name="SubmitOrder" data-provider="getData" finished-at="2025-05-22T15:22:13 IST" duration-ms="10653" status="PASS">
          <params>
            <param index="0">
              <value>
                <![CDATA[{password=I?*Password@123, product=ZARA COAT 3, email=shuvambasak0@gmail.com}]]>
              </value>
            </param>
          </params>
          <reporter-output>
          </reporter-output>
        </test-method> <!-- SubmitOrder -->
        <test-method is-config="true" signature="tearDown()[pri:0, instance:winnerXD.Tests.SubmitOrderTest@2a8448fa]" started-at="2025-05-22T15:22:13 IST" name="tearDown" finished-at="2025-05-22T15:22:13 IST" duration-ms="215" status="PASS">
          <reporter-output>
          </reporter-output>
        </test-method> <!-- tearDown -->
        <test-method is-config="true" signature="launchApplication()[pri:0, instance:winnerXD.Tests.SubmitOrderTest@2a8448fa]" started-at="2025-05-22T15:22:13 IST" name="launchApplication" finished-at="2025-05-22T15:22:17 IST" duration-ms="3887" status="PASS">
          <reporter-output>
          </reporter-output>
        </test-method> <!-- launchApplication -->
        <test-method signature="SubmitOrder(java.util.HashMap)[pri:0, instance:winnerXD.Tests.SubmitOrderTest@2a8448fa]" started-at="2025-05-22T15:22:17 IST" name="SubmitOrder" data-provider="getData" finished-at="2025-05-22T15:22:33 IST" duration-ms="16217" status="PASS">
          <params>
            <param index="0">
              <value>
                <![CDATA[{password=Henry@2001, product=IPHONE 13 PRO, email=henryd110@gmail.com}]]>
              </value>
            </param>
          </params>
          <reporter-output>
          </reporter-output>
        </test-method> <!-- SubmitOrder -->
        <test-method is-config="true" signature="tearDown()[pri:0, instance:winnerXD.Tests.SubmitOrderTest@2a8448fa]" started-at="2025-05-22T15:22:33 IST" name="tearDown" finished-at="2025-05-22T15:22:33 IST" duration-ms="255" status="PASS">
          <reporter-output>
          </reporter-output>
        </test-method> <!-- tearDown -->
        <test-method is-config="true" signature="launchApplication()[pri:0, instance:winnerXD.Tests.SubmitOrderTest@2a8448fa]" started-at="2025-05-22T15:22:33 IST" name="launchApplication" finished-at="2025-05-22T15:22:35 IST" duration-ms="2072" status="PASS">
          <reporter-output>
          </reporter-output>
        </test-method> <!-- launchApplication -->
        <test-method signature="OrderHistoryTest(java.util.HashMap)[pri:0, instance:winnerXD.Tests.SubmitOrderTest@2a8448fa]" started-at="2025-05-22T15:22:35 IST" name="OrderHistoryTest" data-provider="getData" finished-at="2025-05-22T15:22:36 IST" depends-on-methods="winnerXD.Tests.SubmitOrderTest.SubmitOrder" duration-ms="676" status="PASS">
          <params>
            <param index="0">
              <value>
                <![CDATA[{password=I?*Password@123, product=ZARA COAT 3, email=shuvambasak0@gmail.com}]]>
              </value>
            </param>
          </params>
          <reporter-output>
          </reporter-output>
        </test-method> <!-- OrderHistoryTest -->
        <test-method is-config="true" signature="tearDown()[pri:0, instance:winnerXD.Tests.SubmitOrderTest@2a8448fa]" started-at="2025-05-22T15:22:36 IST" name="tearDown" finished-at="2025-05-22T15:22:36 IST" duration-ms="174" status="PASS">
          <reporter-output>
          </reporter-output>
        </test-method> <!-- tearDown -->
        <test-method is-config="true" signature="launchApplication()[pri:0, instance:winnerXD.Tests.SubmitOrderTest@2a8448fa]" started-at="2025-05-22T15:22:36 IST" name="launchApplication" finished-at="2025-05-22T15:22:38 IST" duration-ms="1951" status="PASS">
          <reporter-output>
          </reporter-output>
        </test-method> <!-- launchApplication -->
        <test-method signature="OrderHistoryTest(java.util.HashMap)[pri:0, instance:winnerXD.Tests.SubmitOrderTest@2a8448fa]" started-at="2025-05-22T15:22:38 IST" name="OrderHistoryTest" data-provider="getData" finished-at="2025-05-22T15:22:39 IST" depends-on-methods="winnerXD.Tests.SubmitOrderTest.SubmitOrder" duration-ms="558" status="PASS">
          <params>
            <param index="0">
              <value>
                <![CDATA[{password=Henry@2001, product=IPHONE 13 PRO, email=henryd110@gmail.com}]]>
              </value>
            </param>
          </params>
          <reporter-output>
          </reporter-output>
        </test-method> <!-- OrderHistoryTest -->
        <test-method is-config="true" signature="tearDown()[pri:0, instance:winnerXD.Tests.SubmitOrderTest@2a8448fa]" started-at="2025-05-22T15:22:39 IST" name="tearDown" finished-at="2025-05-22T15:22:39 IST" duration-ms="159" status="PASS">
          <reporter-output>
          </reporter-output>
        </test-method> <!-- tearDown -->
      </class> <!-- winnerXD.Tests.SubmitOrderTest -->
    </test> <!-- Submit Order Test -->
  </suite> <!-- Suite -->
</testng-results>
